<?xml version="1.0" encoding="UTF-8"?>
<!-- Generated by org.testng.reporters.JUnitReportReporter -->
<testsuite hostname="DEEPIKAPATIL" failures="0" tests="3" name="testng.groups.Groups" time="4.821" errors="0" timestamp="2025-03-24T04:58:04 IST" skipped="0">
  <testcase classname="testng.groups.Groups" name="starting_point" time="4.811"/>
  <testcase classname="testng.groups.Groups" name="click_element" time="0.001"/>
  <testcase classname="testng.groups.Groups" name="checkTitle" time="0.009"/>
</testsuite> <!-- testng.groups.Groups -->
