<?xml version="1.0" encoding="UTF-8"?>
<!-- Generated by org.testng.reporters.JUnitReportReporter -->
<testsuite hostname="DEEPIKAPATIL" failures="0" tests="1" name="testng.parameters.Params" time="0.010" errors="0" timestamp="2025-03-23T11:18:19 IST" skipped="0">
  <testcase classname="testng.parameters.Params" name="Sum" time="0.010"/>
</testsuite> <!-- testng.parameters.Params -->
