<?xml version="1.0" encoding="UTF-8"?>
<!-- Generated by org.testng.reporters.JUnitReportReporter -->
<testsuite hostname="DEEPIKAPATIL" failures="0" tests="3" name="testng.priority.Priority" time="0.087" errors="0" timestamp="2025-03-23T11:42:04 IST" skipped="0">
  <testcase classname="testng.priority.Priority" name="OpenBrowser" time="0.010"/>
  <testcase classname="testng.priority.Priority" name="AccountTest" time="0.001"/>
  <testcase classname="testng.priority.Priority" name="CloseBrowser" time="0.076"/>
</testsuite> <!-- testng.priority.Priority -->
